<?xml version="1.0" encoding="UTF-8"?>
<!-- Generated by org.testng.reporters.JUnitReportReporter -->
<testsuite hostname="mhaskar-WX-1" failures="0" tests="3" name="runner.TestRunner" time="63.312" errors="0" timestamp="2021-09-23T14:45:32 GMT+05:30" skipped="0">
  <testcase classname="runner.TestRunner" name="feature" time="39.761"/>
  <system-out/>
  <testcase classname="runner.TestRunner" name="feature" time="11.089"/>
  <system-out/>
  <testcase classname="runner.TestRunner" name="feature" time="12.462"/>
  <system-out/>
</testsuite> <!-- runner.TestRunner -->
